<?xml version="1.0" encoding="UTF-8"?>
<testng-results ignored="0" total="1" passed="1" failed="0" skipped="0">
  <reporter-output>
  </reporter-output>
  <suite started-at="2019-04-07T16:41:57Z" name="Default suite" finished-at="2019-04-07T16:43:01Z" duration-ms="63372">
    <groups>
    </groups>
    <test started-at="2019-04-07T16:41:57Z" name="Default test" finished-at="2019-04-07T16:43:01Z" duration-ms="63372">
      <class name="com.qa.ctb.testcases.Bookingpage_testcases">
        <test-method is-config="true" signature="init()[pri:0, instance:com.qa.ctb.testcases.Bookingpage_testcases@192c3f1e]" started-at="2019-04-07T16:41:57Z" name="init" finished-at="2019-04-07T16:42:12Z" duration-ms="15038" status="PASS">
          <reporter-output>
          </reporter-output>
        </test-method> <!-- init -->
        <test-method signature="search()[pri:0, instance:com.qa.ctb.testcases.Bookingpage_testcases@192c3f1e]" started-at="2019-04-07T16:42:12Z" name="search" finished-at="2019-04-07T16:43:01Z" duration-ms="48296" status="PASS">
          <reporter-output>
          </reporter-output>
        </test-method> <!-- search -->
      </class> <!-- com.qa.ctb.testcases.Bookingpage_testcases -->
    </test> <!-- Default test -->
  </suite> <!-- Default suite -->
</testng-results>
