<?xml version="1.0" encoding="UTF-8"?>
<testng-results skipped="0" failed="0" ignored="0" total="1" passed="1">
  <reporter-output>
  </reporter-output>
  <suite name="Command line suite" duration-ms="17155" started-at="2019-04-08T09:42:42Z" finished-at="2019-04-08T09:42:59Z">
    <groups>
    </groups>
    <test name="Command line test" duration-ms="17155" started-at="2019-04-08T09:42:42Z" finished-at="2019-04-08T09:42:59Z">
      <class name="com.qa.ctb.testcases.Bookingpage_testcases">
        <test-method status="PASS" signature="init()[pri:0, instance:com.qa.ctb.testcases.Bookingpage_testcases@567d299b]" name="init" is-config="true" duration-ms="7188" started-at="2019-04-08T09:42:42Z" finished-at="2019-04-08T09:42:49Z">
          <reporter-output>
          </reporter-output>
        </test-method> <!-- init -->
        <test-method status="PASS" signature="search()[pri:0, instance:com.qa.ctb.testcases.Bookingpage_testcases@567d299b]" name="search" duration-ms="9941" started-at="2019-04-08T09:42:49Z" finished-at="2019-04-08T09:42:59Z">
          <reporter-output>
          </reporter-output>
        </test-method> <!-- search -->
      </class> <!-- com.qa.ctb.testcases.Bookingpage_testcases -->
    </test> <!-- Command line test -->
  </suite> <!-- Command line suite -->
</testng-results>
